# JRE version: Java(TM) SE Runtime Environment (8.0_65-b17) (build 1.8.0_65-b17)
# Java VM: Java HotSpot(TM) 64-Bit Server VM (25.65-b01 mixed mode bsd-amd64 compressed oops)
Heap:
 PSYoungGen      total 38400K, used 26986K [0x0000000795580000, 0x0000000799100000, 0x00000007c0000000)
  eden space 33280K, 65% used [0x0000000795580000,0x0000000796add4e0,0x0000000797600000)
  from space 5120K, 99% used [0x0000000797600000,0x0000000797afd5a0,0x0000000797b00000)
  to   space 5120K, 0% used [0x0000000798c00000,0x0000000798c00000,0x0000000799100000)
 ParOldGen       total 56320K, used 10798K [0x0000000740000000, 0x0000000743700000, 0x0000000795580000)
  object space 56320K, 19% used [0x0000000740000000,0x0000000740a8b900,0x0000000743700000)
 Metaspace       used 27519K, capacity 29000K, committed 29312K, reserved 1075200K
  class space    used 3864K, capacity 4159K, committed 4224K, reserved 1048576K
GC Heap History (8 events):
Event: 9.233 GC heap before
{Heap before GC invocations=1 (full 0):
 PSYoungGen      total 38400K, used 33280K [0x0000000795580000, 0x0000000798000000, 0x00000007c0000000)
  eden space 33280K, 100% used [0x0000000795580000,0x0000000797600000,0x0000000797600000)
  from space 5120K, 0% used [0x0000000797b00000,0x0000000797b00000,0x0000000798000000)
  to   space 5120K, 0% used [0x0000000797600000,0x0000000797600000,0x0000000797b00000)
 ParOldGen       total 87552K, used 0K [0x0000000740000000, 0x0000000745580000, 0x0000000795580000)
  object space 87552K, 0% used [0x0000000740000000,0x0000000740000000,0x0000000745580000)
 Metaspace       used 17037K, capacity 17706K, committed 18048K, reserved 1064960K
  class space    used 2417K, capacity 2600K, committed 2688K, reserved 1048576K
Event: 9.276 GC heap after
Heap after GC invocations=1 (full 0):
 PSYoungGen      total 38400K, used 5042K [0x0000000795580000, 0x0000000798000000, 0x00000007c0000000)
  eden space 33280K, 0% used [0x0000000795580000,0x0000000795580000,0x0000000797600000)
  from space 5120K, 98% used [0x0000000797600000,0x0000000797aecab0,0x0000000797b00000)
  to   space 5120K, 0% used [0x0000000797b00000,0x0000000797b00000,0x0000000798000000)
 ParOldGen       total 87552K, used 80K [0x0000000740000000, 0x0000000745580000, 0x0000000795580000)
  object space 87552K, 0% used [0x0000000740000000,0x0000000740014010,0x0000000745580000)
 Metaspace       used 17037K, capacity 17706K, committed 18048K, reserved 1064960K
  class space    used 2417K, capacity 2600K, committed 2688K, reserved 1048576K
}
Event: 11.636 GC heap before
{Heap before GC invocations=2 (full 0):
 PSYoungGen      total 38400K, used 22073K [0x0000000795580000, 0x0000000798000000, 0x00000007c0000000)
  eden space 33280K, 51% used [0x0000000795580000,0x0000000796621b10,0x0000000797600000)
  from space 5120K, 98% used [0x0000000797600000,0x0000000797aecab0,0x0000000797b00000)
  to   space 5120K, 0% used [0x0000000797b00000,0x0000000797b00000,0x0000000798000000)
 ParOldGen       total 87552K, used 80K [0x0000000740000000, 0x0000000745580000, 0x0000000795580000)
  object space 87552K, 0% used [0x0000000740000000,0x0000000740014010,0x0000000745580000)
 Metaspace       used 20000K, capacity 21174K, committed 21296K, reserved 1067008K
  class space    used 2947K, capacity 3182K, committed 3200K, reserved 1048576K
Event: 11.727 GC heap after
Heap after GC invocations=2 (full 0):
 PSYoungGen      total 38400K, used 5106K [0x0000000795580000, 0x000000079a080000, 0x00000007c0000000)
  eden space 33280K, 0% used [0x0000000795580000,0x0000000795580000,0x0000000797600000)
  from space 5120K, 99% used [0x0000000797b00000,0x0000000797ffcab0,0x0000000798000000)
  to   space 5120K, 0% used [0x0000000797600000,0x0000000797600000,0x0000000797b00000)
 ParOldGen       total 87552K, used 1616K [0x0000000740000000, 0x0000000745580000, 0x0000000795580000)
  object space 87552K, 1% used [0x0000000740000000,0x0000000740194030,0x0000000745580000)
 Metaspace       used 20000K, capacity 21174K, committed 21296K, reserved 1067008K
  class space    used 2947K, capacity 3182K, committed 3200K, reserved 1048576K
}
Event: 11.727 GC heap before
{Heap before GC invocations=3 (full 1):
 PSYoungGen      total 38400K, used 5106K [0x0000000795580000, 0x000000079a080000, 0x00000007c0000000)
  eden space 33280K, 0% used [0x0000000795580000,0x0000000795580000,0x0000000797600000)
  from space 5120K, 99% used [0x0000000797b00000,0x0000000797ffcab0,0x0000000798000000)
  to   space 5120K, 0% used [0x0000000797600000,0x0000000797600000,0x0000000797b00000)
 ParOldGen       total 87552K, used 1616K [0x0000000740000000, 0x0000000745580000, 0x0000000795580000)
  object space 87552K, 1% used [0x0000000740000000,0x0000000740194030,0x0000000745580000)
 Metaspace       used 20000K, capacity 21174K, committed 21296K, reserved 1067008K
  class space    used 2947K, capacity 3182K, committed 3200K, reserved 1048576K
Event: 11.909 GC heap after
Heap after GC invocations=3 (full 1):
 PSYoungGen      total 38400K, used 0K [0x0000000795580000, 0x000000079a080000, 0x00000007c0000000)
  eden space 33280K, 0% used [0x0000000795580000,0x0000000795580000,0x0000000797600000)
  from space 5120K, 0% used [0x0000000797b00000,0x0000000797b00000,0x0000000798000000)
  to   space 5120K, 0% used [0x0000000797600000,0x0000000797600000,0x0000000797b00000)
 ParOldGen       total 56320K, used 6670K [0x0000000740000000, 0x0000000743700000, 0x0000000795580000)
  object space 56320K, 11% used [0x0000000740000000,0x00000007406838e0,0x0000000743700000)
 Metaspace       used 20000K, capacity 21174K, committed 21296K, reserved 1067008K
  class space    used 2947K, capacity 3182K, committed 3200K, reserved 1048576K
}
Event: 23.818 GC heap before
{Heap before GC invocations=4 (full 1):
 PSYoungGen      total 38400K, used 30815K [0x0000000795580000, 0x000000079a080000, 0x00000007c0000000)
  eden space 33280K, 92% used [0x0000000795580000,0x0000000797397ec8,0x0000000797600000)
  from space 5120K, 0% used [0x0000000797b00000,0x0000000797b00000,0x0000000798000000)
  to   space 5120K, 0% used [0x0000000797600000,0x0000000797600000,0x0000000797b00000)
 ParOldGen       total 56320K, used 6670K [0x0000000740000000, 0x0000000743700000, 0x0000000795580000)
  object space 56320K, 11% used [0x0000000740000000,0x00000007406838e0,0x0000000743700000)
 Metaspace       used 26472K, capacity 27948K, committed 28160K, reserved 1073152K
  class space    used 3755K, capacity 4053K, committed 4096K, reserved 1048576K
Event: 23.912 GC heap after
Heap after GC invocations=4 (full 1):
 PSYoungGen      total 38400K, used 5109K [0x0000000795580000, 0x0000000799100000, 0x00000007c0000000)
  eden space 33280K, 0% used [0x0000000795580000,0x0000000795580000,0x0000000797600000)
  from space 5120K, 99% used [0x0000000797600000,0x0000000797afd5a0,0x0000000797b00000)
  to   space 5120K, 0% used [0x0000000798c00000,0x0000000798c00000,0x0000000799100000)
 ParOldGen       total 56320K, used 10798K [0x0000000740000000, 0x0000000743700000, 0x0000000795580000)
  object space 56320K, 19% used [0x0000000740000000,0x0000000740a8b900,0x0000000743700000)
 Metaspace       used 26472K, capacity 27948K, committed 28160K, reserved 1073152K
  class space    used 3755K, capacity 4053K, committed 4096K, reserved 1048576K
}

