# JRE version: Java(TM) SE Runtime Environment (8.0_65-b17) (build 1.8.0_65-b17)
# Java VM: Java HotSpot(TM) 64-Bit Server VM (25.65-b01 mixed mode bsd-amd64 compressed oops)
Heap:
 PSYoungGen      total 38400K, used 17786K [0x0000000795580000, 0x0000000798c80000, 0x00000007c0000000)
  eden space 33280K, 38% used [0x0000000795580000,0x00000007961e1618,0x0000000797600000)
  from space 5120K, 99% used [0x0000000797600000,0x0000000797afd5a0,0x0000000797b00000)
  to   space 5120K, 0% used [0x0000000798780000,0x0000000798780000,0x0000000798c80000)
 ParOldGen       total 60928K, used 10868K [0x0000000740000000, 0x0000000743b80000, 0x0000000795580000)
  object space 60928K, 17% used [0x0000000740000000,0x0000000740a9d2e8,0x0000000743b80000)
 Metaspace       used 27296K, capacity 28808K, committed 29056K, reserved 1075200K
  class space    used 3846K, capacity 4149K, committed 4224K, reserved 1048576K
GC Heap History (8 events):
Event: 3.047 GC heap before
{Heap before GC invocations=1 (full 0):
 PSYoungGen      total 38400K, used 33280K [0x0000000795580000, 0x0000000798000000, 0x00000007c0000000)
  eden space 33280K, 100% used [0x0000000795580000,0x0000000797600000,0x0000000797600000)
  from space 5120K, 0% used [0x0000000797b00000,0x0000000797b00000,0x0000000798000000)
  to   space 5120K, 0% used [0x0000000797600000,0x0000000797600000,0x0000000797b00000)
 ParOldGen       total 87552K, used 0K [0x0000000740000000, 0x0000000745580000, 0x0000000795580000)
  object space 87552K, 0% used [0x0000000740000000,0x0000000740000000,0x0000000745580000)
 Metaspace       used 16983K, capacity 17608K, committed 17792K, reserved 1064960K
  class space    used 2414K, capacity 2567K, committed 2688K, reserved 1048576K
Event: 3.058 GC heap after
Heap after GC invocations=1 (full 0):
 PSYoungGen      total 38400K, used 5010K [0x0000000795580000, 0x0000000798000000, 0x00000007c0000000)
  eden space 33280K, 0% used [0x0000000795580000,0x0000000795580000,0x0000000797600000)
  from space 5120K, 97% used [0x0000000797600000,0x0000000797ae4ad0,0x0000000797b00000)
  to   space 5120K, 0% used [0x0000000797b00000,0x0000000797b00000,0x0000000798000000)
 ParOldGen       total 87552K, used 80K [0x0000000740000000, 0x0000000745580000, 0x0000000795580000)
  object space 87552K, 0% used [0x0000000740000000,0x0000000740014010,0x0000000745580000)
 Metaspace       used 16983K, capacity 17608K, committed 17792K, reserved 1064960K
  class space    used 2414K, capacity 2567K, committed 2688K, reserved 1048576K
}
Event: 3.790 GC heap before
{Heap before GC invocations=2 (full 0):
 PSYoungGen      total 38400K, used 21520K [0x0000000795580000, 0x0000000798000000, 0x00000007c0000000)
  eden space 33280K, 49% used [0x0000000795580000,0x000000079659f598,0x0000000797600000)
  from space 5120K, 97% used [0x0000000797600000,0x0000000797ae4ad0,0x0000000797b00000)
  to   space 5120K, 0% used [0x0000000797b00000,0x0000000797b00000,0x0000000798000000)
 ParOldGen       total 87552K, used 80K [0x0000000740000000, 0x0000000745580000, 0x0000000795580000)
  object space 87552K, 0% used [0x0000000740000000,0x0000000740014010,0x0000000745580000)
 Metaspace       used 19956K, capacity 21100K, committed 21248K, reserved 1067008K
  class space    used 2952K, capacity 3207K, committed 3328K, reserved 1048576K
Event: 3.805 GC heap after
Heap after GC invocations=2 (full 0):
 PSYoungGen      total 38400K, used 5088K [0x0000000795580000, 0x000000079a080000, 0x00000007c0000000)
  eden space 33280K, 0% used [0x0000000795580000,0x0000000795580000,0x0000000797600000)
  from space 5120K, 99% used [0x0000000797b00000,0x0000000797ff8050,0x0000000798000000)
  to   space 5120K, 0% used [0x0000000797600000,0x0000000797600000,0x0000000797b00000)
 ParOldGen       total 87552K, used 1628K [0x0000000740000000, 0x0000000745580000, 0x0000000795580000)
  object space 87552K, 1% used [0x0000000740000000,0x0000000740197340,0x0000000745580000)
 Metaspace       used 19956K, capacity 21100K, committed 21248K, reserved 1067008K
  class space    used 2952K, capacity 3207K, committed 3328K, reserved 1048576K
}
Event: 3.805 GC heap before
{Heap before GC invocations=3 (full 1):
 PSYoungGen      total 38400K, used 5088K [0x0000000795580000, 0x000000079a080000, 0x00000007c0000000)
  eden space 33280K, 0% used [0x0000000795580000,0x0000000795580000,0x0000000797600000)
  from space 5120K, 99% used [0x0000000797b00000,0x0000000797ff8050,0x0000000798000000)
  to   space 5120K, 0% used [0x0000000797600000,0x0000000797600000,0x0000000797b00000)
 ParOldGen       total 87552K, used 1628K [0x0000000740000000, 0x0000000745580000, 0x0000000795580000)
  object space 87552K, 1% used [0x0000000740000000,0x0000000740197340,0x0000000745580000)
 Metaspace       used 19956K, capacity 21100K, committed 21248K, reserved 1067008K
  class space    used 2952K, capacity 3207K, committed 3328K, reserved 1048576K
Event: 3.859 GC heap after
Heap after GC invocations=3 (full 1):
 PSYoungGen      total 38400K, used 0K [0x0000000795580000, 0x000000079a080000, 0x00000007c0000000)
  eden space 33280K, 0% used [0x0000000795580000,0x0000000795580000,0x0000000797600000)
  from space 5120K, 0% used [0x0000000797b00000,0x0000000797b00000,0x0000000798000000)
  to   space 5120K, 0% used [0x0000000797600000,0x0000000797600000,0x0000000797b00000)
 ParOldGen       total 60928K, used 6636K [0x0000000740000000, 0x0000000743b80000, 0x0000000795580000)
  object space 60928K, 10% used [0x0000000740000000,0x000000074067b2c8,0x0000000743b80000)
 Metaspace       used 19956K, capacity 21100K, committed 21248K, reserved 1067008K
  class space    used 2952K, capacity 3207K, committed 3328K, reserved 1048576K
}
Event: 10.730 GC heap before
{Heap before GC invocations=4 (full 1):
 PSYoungGen      total 38400K, used 31326K [0x0000000795580000, 0x000000079a080000, 0x00000007c0000000)
  eden space 33280K, 94% used [0x0000000795580000,0x00000007974179e0,0x0000000797600000)
  from space 5120K, 0% used [0x0000000797b00000,0x0000000797b00000,0x0000000798000000)
  to   space 5120K, 0% used [0x0000000797600000,0x0000000797600000,0x0000000797b00000)
 ParOldGen       total 60928K, used 6636K [0x0000000740000000, 0x0000000743b80000, 0x0000000795580000)
  object space 60928K, 10% used [0x0000000740000000,0x000000074067b2c8,0x0000000743b80000)
 Metaspace       used 26439K, capacity 27880K, committed 28160K, reserved 1073152K
  class space    used 3760K, capacity 4053K, committed 4096K, reserved 1048576K
Event: 10.754 GC heap after
Heap after GC invocations=4 (full 1):
 PSYoungGen      total 38400K, used 5109K [0x0000000795580000, 0x0000000798c80000, 0x00000007c0000000)
  eden space 33280K, 0% used [0x0000000795580000,0x0000000795580000,0x0000000797600000)
  from space 5120K, 99% used [0x0000000797600000,0x0000000797afd5a0,0x0000000797b00000)
  to   space 5120K, 0% used [0x0000000798780000,0x0000000798780000,0x0000000798c80000)
 ParOldGen       total 60928K, used 10868K [0x0000000740000000, 0x0000000743b80000, 0x0000000795580000)
  object space 60928K, 17% used [0x0000000740000000,0x0000000740a9d2e8,0x0000000743b80000)
 Metaspace       used 26439K, capacity 27880K, committed 28160K, reserved 1073152K
  class space    used 3760K, capacity 4053K, committed 4096K, reserved 1048576K
}

